<?xml version="1.0" encoding="UTF-8"?>
<!-- Generated by org.testng.reporters.JUnitReportReporter -->
<testsuite hostname="FakurudhinShaik" failures="0" tests="1" name="com.TestNgPractice.TestNgExample3" time="0.161" errors="0" timestamp="2023-10-13T10:11:16 IST" skipped="0">
  <testcase classname="com.TestNgPractice.TestNgExample3" name="ApplicationTitle" time="0.161"/>
  <system-out/>
</testsuite> <!-- com.TestNgPractice.TestNgExample3 -->
