<?xml version="1.0" encoding="UTF-8"?>
<!-- Generated by org.testng.reporters.JUnitReportReporter -->
<testsuite hostname="FakurudhinShaik" failures="0" tests="1" name="com.DropDown.DropDown_Testing" time="0.913" errors="0" timestamp="2023-10-13T19:50:35 IST" skipped="0">
  <testcase classname="com.DropDown.DropDown_Testing" name="dropDownTesting" time="0.913"/>
  <system-out/>
</testsuite> <!-- com.DropDown.DropDown_Testing -->
