<?xml version="1.0" encoding="UTF-8"?>
<!-- Generated by org.testng.reporters.JUnitReportReporter -->
<testsuite hostname="FakurudhinShaik" failures="0" tests="1" name="com.Xpath.FacebookLoginTest" time="3.654" errors="0" timestamp="2023-11-02T06:51:51 IST" skipped="0">
  <testcase classname="com.Xpath.FacebookLoginTest" name="facebookLoginTest" time="3.654"/>
  <system-out/>
</testsuite> <!-- com.Xpath.FacebookLoginTest -->
