<?xml version="1.0" encoding="UTF-8"?>
<!-- Generated by org.testng.reporters.JUnitReportReporter -->
<testsuite hostname="FakurudhinShaik" failures="0" tests="1" name="com.WebTable.WebTable_FirstRowOfFirstCell" time="0.222" errors="0" timestamp="2023-10-26T17:52:03 IST" skipped="0">
  <testcase classname="com.WebTable.WebTable_FirstRowOfFirstCell" name="getCityName" time="0.222"/>
  <system-out/>
</testsuite> <!-- com.WebTable.WebTable_FirstRowOfFirstCell -->
