<?xml version="1.0" encoding="UTF-8"?>
<!-- Generated by org.testng.reporters.JUnitReportReporter -->
<testsuite hostname="FakurudhinShaik" failures="0" tests="2" name="com.tsrtconline.Tsrtc_HandlingAlert" time="8.227" errors="0" timestamp="2023-10-26T17:54:43 IST" skipped="0">
  <testcase classname="com.tsrtconline.Tsrtc_HandlingAlert" name="CheckAvailabilityTest" time="0.160"/>
  <system-out/>
  <testcase classname="com.tsrtconline.Tsrtc_HandlingAlert" name="handlingAlert" time="8.067"/>
  <system-out/>
</testsuite> <!-- com.tsrtconline.Tsrtc_HandlingAlert -->
