<?xml version="1.0" encoding="UTF-8"?>
<!-- Generated by org.testng.reporters.JUnitReportReporter -->
<testsuite hostname="FakurudhinShaik" failures="0" tests="1" name="com.WebTable.WebTable_CapturingFirstColumnCityNames" time="1.510" errors="0" timestamp="2023-10-15T17:12:24 IST" skipped="0">
  <testcase classname="com.WebTable.WebTable_CapturingFirstColumnCityNames" name="CapturingFirstColumnCityNames" time="1.510"/>
  <system-out/>
</testsuite> <!-- com.WebTable.WebTable_CapturingFirstColumnCityNames -->
