<?xml version="1.0" encoding="UTF-8"?>
<!-- Generated by org.testng.reporters.JUnitReportReporter -->
<testsuite hostname="FakurudhinShaik" failures="0" tests="1" name="com.RadioBottons.RadioButtonsTesting" time="1.481" errors="0" timestamp="2023-10-31T19:49:56 IST" skipped="0">
  <testcase classname="com.RadioBottons.RadioButtonsTesting" name="group1radioButtonsTesting" time="1.481"/>
  <system-out/>
</testsuite> <!-- com.RadioBottons.RadioButtonsTesting -->
